Build started 10/26/2015 9:39:36 PM.
     1>Project "C:\Users\Nelson\documents\visual studio 2013\Projects\ide\ide\ide.vcxproj" on node 2 (Build target(s)).
     1>ClCompile:
         C:\Program Files (x86)\Microsoft Visual Studio 12.0\VC\bin\CL.exe /c /AI"C:\Program Files (x86)\Reference Assemblies\Microsoft\Framework\.NETFramework\v4.5.1\\" /AI"C:\Program Files (x86)\Windows Kits\8.1\References\CommonConfiguration\Neutral" /AI"C:\Program Files (x86)\Reference Assemblies\Microsoft\Framework\.NETFramework\v4.5.1\Facades\\" /Zi /clr /nologo /W3 /WX- /O2 /Oy- /D WIN32 /D NDEBUG /D _UNICODE /D UNICODE /EHa /MD /GS /fp:precise /Zc:wchar_t /Zc:forScope /Fo"Release\\" /Fd"Release\vc120.pdb" /TP /FU"C:\Program Files (x86)\Reference Assemblies\Microsoft\Framework\.NETFramework\v4.5.1\mscorlib.dll" /FU"C:\Program Files (x86)\Reference Assemblies\Microsoft\Framework\.NETFramework\v4.5.1\System.Data.dll" /FU"C:\Program Files (x86)\Reference Assemblies\Microsoft\Framework\.NETFramework\v4.5.1\System.dll" /FU"C:\Program Files (x86)\Reference Assemblies\Microsoft\Framework\.NETFramework\v4.5.1\System.Drawing.dll" /FU"C:\Program Files (x86)\Reference Assemblies\Microsoft\Framework\.NETFramework\v4.5.1\System.Windows.Forms.dll" /FU"C:\Program Files (x86)\Reference Assemblies\Microsoft\Framework\.NETFramework\v4.5.1\System.Xml.dll" /analyze- /errorReport:prompt /clr:nostdlib AboutUs.cpp Main.cpp Parametros.cpp Resultado.cpp scanner.cpp
         AboutUs.cpp
         Main.cpp
     1>c:\users\nelson\documents\visual studio 2013\projects\ide\ide\Parametros.h(219): warning C4101: 'e' : unreferenced local variable
     1>c:\users\nelson\documents\visual studio 2013\projects\ide\ide\scanner.h(4): warning C4005: 'ERROR' : macro redefinition
                 C:\Program Files (x86)\Windows Kits\8.1\Include\um\wingdi.h(114) : see previous definition of 'ERROR'
     1>c:\users\nelson\documents\visual studio 2013\projects\ide\ide\scanner.cpp(18): warning C4244: '=' : conversion from 'int' to 'float', possible loss of data
     1>c:\users\nelson\documents\visual studio 2013\projects\ide\ide\scanner.cpp(19): warning C4244: '=' : conversion from 'float' to 'int', possible loss of data
     1>c:\users\nelson\documents\visual studio 2013\projects\ide\ide\scanner.cpp(32): warning C4244: '=' : conversion from 'int' to 'float', possible loss of data
     1>c:\users\nelson\documents\visual studio 2013\projects\ide\ide\scanner.cpp(33): warning C4244: '=' : conversion from 'float' to 'int', possible loss of data
     1>c:\users\nelson\documents\visual studio 2013\projects\ide\ide\scanner.cpp(67): warning C4129: '.' : unrecognized character escape sequence
     1>c:\users\nelson\documents\visual studio 2013\projects\ide\ide\scanner.cpp(67): warning C4018: '<=' : signed/unsigned mismatch
     1>c:\users\nelson\documents\visual studio 2013\projects\ide\ide\scanner.cpp(103): warning C4018: '>' : signed/unsigned mismatch
     1>c:\users\nelson\documents\visual studio 2013\projects\ide\ide\scanner.cpp(112): warning C4018: '<' : signed/unsigned mismatch
     1>c:\users\nelson\documents\visual studio 2013\projects\ide\ide\scanner.cpp(149): warning C4018: '<' : signed/unsigned mismatch
     1>c:\users\nelson\documents\visual studio 2013\projects\ide\ide\scanner.cpp(155): warning C4101: 'e' : unreferenced local variable
     1>c:\users\nelson\documents\visual studio 2013\projects\ide\ide\Main.h(511): warning C4101: 'e' : unreferenced local variable
     1>c:\users\nelson\documents\visual studio 2013\projects\ide\ide\Main.h(542): warning C4101: 'e' : unreferenced local variable
     1>c:\users\nelson\documents\visual studio 2013\projects\ide\ide\Main.h(592): warning C4101: 'e' : unreferenced local variable
     1>c:\users\nelson\documents\visual studio 2013\projects\ide\ide\Main.h(602): warning C4101: 'e' : unreferenced local variable
     1>Main.cpp(6): warning C4829: Possibly incorrect parameters to function main. Consider 'int main(Platform::Array<Platform::String^>^ argv)'
         Parametros.cpp
     1>c:\users\nelson\documents\visual studio 2013\projects\ide\ide\Parametros.h(219): warning C4101: 'e' : unreferenced local variable
         Resultado.cpp
         scanner.cpp
     1>scanner.cpp(18): warning C4244: '=' : conversion from 'int' to 'float', possible loss of data
     1>scanner.cpp(19): warning C4244: '=' : conversion from 'float' to 'int', possible loss of data
     1>scanner.cpp(32): warning C4244: '=' : conversion from 'int' to 'float', possible loss of data
     1>scanner.cpp(33): warning C4244: '=' : conversion from 'float' to 'int', possible loss of data
     1>scanner.cpp(67): warning C4129: '.' : unrecognized character escape sequence
     1>scanner.cpp(67): warning C4018: '<=' : signed/unsigned mismatch
     1>scanner.cpp(103): warning C4018: '>' : signed/unsigned mismatch
     1>scanner.cpp(112): warning C4018: '<' : signed/unsigned mismatch
     1>scanner.cpp(149): warning C4018: '<' : signed/unsigned mismatch
     1>scanner.cpp(155): warning C4101: 'e' : unreferenced local variable
         Generating Code...
         C:\Program Files (x86)\Microsoft Visual Studio 12.0\VC\bin\CL.exe /c /Zi /clr /nologo /W3 /WX- /O2 /Oy- /D WIN32 /D NDEBUG /D _UNICODE /D UNICODE /EHa /MD /GS /fp:precise /Zc:wchar_t /Zc:forScope /Fo"Release\\" /Fd"Release\vc120.pdb" /TP /analyze- /errorReport:prompt "C:\Users\Nelson\AppData\Local\Temp\.NETFramework,Version=v4.5.1.AssemblyAttributes.cpp"
         .NETFramework,Version=v4.5.1.AssemblyAttributes.cpp
       ResourceCompile:
         C:\Program Files (x86)\Windows Kits\8.1\bin\x86\rc.exe /D _UNICODE /D UNICODE /l"0x0409" /nologo /fo"Release\ide.res" ide.rc 
       Link:
         C:\Program Files (x86)\Microsoft Visual Studio 12.0\VC\bin\link.exe /ERRORREPORT:PROMPT /OUT:"C:\Users\Nelson\documents\visual studio 2013\Projects\ide\Release\ide.exe" /INCREMENTAL:NO /NOLOGO /ASSEMBLYRESOURCE:Release\ide.AboutUs.resources /ASSEMBLYRESOURCE:Release\ide.Main.resources /ASSEMBLYRESOURCE:Release\ide.Parametros.resources /ASSEMBLYRESOURCE:Release\ide.Resultado.resources /MANIFEST /MANIFESTUAC:"level='asInvoker' uiAccess='false'" /manifest:embed /DEBUG /PDB:"C:\Users\Nelson\documents\visual studio 2013\Projects\ide\Release\ide.pdb" /SUBSYSTEM:WINDOWS /TLBID:1 /ENTRY:"Main_Load" /DYNAMICBASE /FIXED:NO /NXCOMPAT /MACHINE:X86 /SAFESEH Release\ide.res
         Release\AboutUs.obj
         Release\Main.obj
         Release\Parametros.obj
         Release\Resultado.obj
         Release\scanner.obj
         "Release\.NETFramework,Version=v4.5.1.AssemblyAttributes.obj"
     1>LINK : fatal error LNK1287: invalid managed entry point "private: void __clrcall ide::Main::Main_Load(class System::Object ^,class System::EventArgs ^)" (?Main_Load@Main@ide@@$$FA$AAMXP$AAVObject@System@@P$AAVEventArgs@4@@Z)
     1>Done Building Project "C:\Users\Nelson\documents\visual studio 2013\Projects\ide\ide\ide.vcxproj" (Build target(s)) -- FAILED.

Build FAILED.

Time Elapsed 00:00:03.00
