c:\users\nelson\documents\visual studio 2013\projects\ide\ide\release\vc120.pdb
c:\users\nelson\documents\visual studio 2013\projects\ide\ide\release\scanner.obj
c:\users\nelson\documents\visual studio 2013\projects\ide\ide\release\resultado.obj
c:\users\nelson\documents\visual studio 2013\projects\ide\ide\release\parametros.obj
c:\users\nelson\documents\visual studio 2013\projects\ide\ide\release\main.obj
c:\users\nelson\documents\visual studio 2013\projects\ide\ide\release\aboutus.obj
c:\users\nelson\documents\visual studio 2013\projects\ide\ide\release\.netframework,version=v4.5.1.assemblyattributes.obj
c:\users\nelson\documents\visual studio 2013\projects\ide\ide\release\ide.aboutus.resources
c:\users\nelson\documents\visual studio 2013\projects\ide\ide\release\ide.main.resources
c:\users\nelson\documents\visual studio 2013\projects\ide\ide\release\ide.parametros.resources
c:\users\nelson\documents\visual studio 2013\projects\ide\ide\release\ide.resultado.resources
c:\users\nelson\documents\visual studio 2013\projects\ide\ide\release\ide.res
c:\users\nelson\documents\visual studio 2013\projects\ide\ide\release\ide.vcxproj.generateresource.cache
c:\users\nelson\documents\visual studio 2013\projects\ide\ide\release\ide.tlog\cl.command.1.tlog
c:\users\nelson\documents\visual studio 2013\projects\ide\ide\release\ide.tlog\cl.read.1.tlog
c:\users\nelson\documents\visual studio 2013\projects\ide\ide\release\ide.tlog\cl.write.1.tlog
c:\users\nelson\documents\visual studio 2013\projects\ide\ide\release\ide.tlog\ide.write.1u.tlog
c:\users\nelson\documents\visual studio 2013\projects\ide\ide\release\ide.tlog\link.command.1.tlog
c:\users\nelson\documents\visual studio 2013\projects\ide\ide\release\ide.tlog\link.read.1.tlog
c:\users\nelson\documents\visual studio 2013\projects\ide\ide\release\ide.tlog\link.write.1.tlog
c:\users\nelson\documents\visual studio 2013\projects\ide\ide\release\ide.tlog\metagen.read.1.tlog
c:\users\nelson\documents\visual studio 2013\projects\ide\ide\release\ide.tlog\metagen.write.1.tlog
c:\users\nelson\documents\visual studio 2013\projects\ide\ide\release\ide.tlog\rc.command.1.tlog
c:\users\nelson\documents\visual studio 2013\projects\ide\ide\release\ide.tlog\rc.read.1.tlog
c:\users\nelson\documents\visual studio 2013\projects\ide\ide\release\ide.tlog\rc.write.1.tlog
c:\users\nelson\documents\visual studio 2013\projects\ide\ide\release\ide.tlog\tzres.dll.bi
