c:\users\nelson\documents\visual studio 2013\projects\ide\ide\debug\vc120.pdb
c:\users\nelson\documents\visual studio 2013\projects\ide\ide\debug\scanner.obj
c:\users\nelson\documents\visual studio 2013\projects\ide\ide\debug\resultado.obj
c:\users\nelson\documents\visual studio 2013\projects\ide\ide\debug\parser.obj
c:\users\nelson\documents\visual studio 2013\projects\ide\ide\debug\parametros.obj
c:\users\nelson\documents\visual studio 2013\projects\ide\ide\debug\main.obj
c:\users\nelson\documents\visual studio 2013\projects\ide\ide\debug\aboutus.obj
c:\users\nelson\documents\visual studio 2013\projects\ide\ide\debug\.netframework,version=v4.5.1.assemblyattributes.obj
c:\users\nelson\documents\visual studio 2013\projects\ide\ide\debug\ide.aboutus.resources
c:\users\nelson\documents\visual studio 2013\projects\ide\ide\debug\ide.main.resources
c:\users\nelson\documents\visual studio 2013\projects\ide\ide\debug\ide.parametros.resources
c:\users\nelson\documents\visual studio 2013\projects\ide\ide\debug\ide.resultado.resources
c:\users\nelson\documents\visual studio 2013\projects\ide\debug\ide.exe
c:\users\nelson\documents\visual studio 2013\projects\ide\debug\ide.pdb
c:\users\nelson\documents\visual studio 2013\projects\ide\ide\debug\ide.res
c:\users\nelson\documents\visual studio 2013\projects\ide\ide\debug\ide.vcxproj.generateresource.cache
c:\users\nelson\documents\visual studio 2013\projects\ide\ide\debug\ide.tlog\cl.command.1.tlog
c:\users\nelson\documents\visual studio 2013\projects\ide\ide\debug\ide.tlog\cl.read.1.tlog
c:\users\nelson\documents\visual studio 2013\projects\ide\ide\debug\ide.tlog\cl.write.1.tlog
c:\users\nelson\documents\visual studio 2013\projects\ide\ide\debug\ide.tlog\ide.write.1u.tlog
c:\users\nelson\documents\visual studio 2013\projects\ide\ide\debug\ide.tlog\link.command.1.tlog
c:\users\nelson\documents\visual studio 2013\projects\ide\ide\debug\ide.tlog\link.read.1.tlog
c:\users\nelson\documents\visual studio 2013\projects\ide\ide\debug\ide.tlog\link.write.1.tlog
c:\users\nelson\documents\visual studio 2013\projects\ide\ide\debug\ide.tlog\metagen.read.1.tlog
c:\users\nelson\documents\visual studio 2013\projects\ide\ide\debug\ide.tlog\metagen.write.1.tlog
c:\users\nelson\documents\visual studio 2013\projects\ide\ide\debug\ide.tlog\rc.command.1.tlog
c:\users\nelson\documents\visual studio 2013\projects\ide\ide\debug\ide.tlog\rc.read.1.tlog
c:\users\nelson\documents\visual studio 2013\projects\ide\ide\debug\ide.tlog\rc.write.1.tlog
c:\users\nelson\documents\visual studio 2013\projects\ide\ide\debug\ide.tlog\tzres.dll.bi
