Build started 10/1/2015 12:41:24 AM.
     1>Project "C:\Users\Nelson\documents\visual studio 2013\Projects\ide\ide\ide.vcxproj" on node 2 (Build target(s)).
     1>ClCompile:
         C:\Program Files (x86)\Microsoft Visual Studio 12.0\VC\bin\CL.exe /c /AI"C:\Program Files (x86)\Reference Assemblies\Microsoft\Framework\.NETFramework\v4.5.1\\" /AI"C:\Program Files (x86)\Windows Kits\8.1\References\CommonConfiguration\Neutral" /AI"C:\Program Files (x86)\Reference Assemblies\Microsoft\Framework\.NETFramework\v4.5.1\Facades\\" /Zi /clr /nologo /W3 /WX- /Od /Oy- /D WIN32 /D _DEBUG /D _UNICODE /D UNICODE /EHa /MDd /GS /fp:precise /Zc:wchar_t /Zc:forScope /Fo"Debug\\" /Fd"Debug\vc120.pdb" /TP /FU"C:\Program Files (x86)\Reference Assemblies\Microsoft\Framework\.NETFramework\v4.5.1\mscorlib.dll" /FU"C:\Program Files (x86)\Reference Assemblies\Microsoft\Framework\.NETFramework\v4.5.1\System.Data.dll" /FU"C:\Program Files (x86)\Reference Assemblies\Microsoft\Framework\.NETFramework\v4.5.1\System.dll" /FU"C:\Program Files (x86)\Reference Assemblies\Microsoft\Framework\.NETFramework\v4.5.1\System.Drawing.dll" /FU"C:\Program Files (x86)\Reference Assemblies\Microsoft\Framework\.NETFramework\v4.5.1\System.Windows.Forms.dll" /FU"C:\Program Files (x86)\Reference Assemblies\Microsoft\Framework\.NETFramework\v4.5.1\System.Xml.dll" /analyze- /errorReport:prompt /clr:nostdlib Main.cpp
         Main.cpp
     1>c:\users\nelson\documents\visual studio 2013\projects\ide\ide\Parametros.h(219): warning C4101: 'e' : unreferenced local variable
     1>c:\users\nelson\documents\visual studio 2013\projects\ide\ide\scanner.cpp(27): warning C4018: '<' : signed/unsigned mismatch
     1>c:\users\nelson\documents\visual studio 2013\projects\ide\ide\scanner.cpp(49): warning C4018: '<' : signed/unsigned mismatch
     1>c:\users\nelson\documents\visual studio 2013\projects\ide\ide\Main.h(547): warning C4101: 'e' : unreferenced local variable
     1>c:\users\nelson\documents\visual studio 2013\projects\ide\ide\Main.h(578): warning C4101: 'e' : unreferenced local variable
     1>c:\users\nelson\documents\visual studio 2013\projects\ide\ide\Main.h(627): warning C4101: 'e' : unreferenced local variable
     1>c:\users\nelson\documents\visual studio 2013\projects\ide\ide\Main.h(637): warning C4101: 'e' : unreferenced local variable
     1>Main.cpp(6): warning C4829: Possibly incorrect parameters to function main. Consider 'int main(Platform::Array<Platform::String^>^ argv)'
       Link:
         C:\Program Files (x86)\Microsoft Visual Studio 12.0\VC\bin\link.exe /ERRORREPORT:PROMPT /OUT:"C:\Users\Nelson\documents\visual studio 2013\Projects\ide\Debug\ide.exe" /INCREMENTAL /NOLOGO /ASSEMBLYRESOURCE:Debug\ide.AboutUs.resources /ASSEMBLYRESOURCE:Debug\ide.Main.resources /ASSEMBLYRESOURCE:Debug\ide.Parametros.resources /MANIFEST /MANIFESTUAC:"level='asInvoker' uiAccess='false'" /manifest:embed /DEBUG /PDB:"C:\Users\Nelson\documents\visual studio 2013\Projects\ide\Debug\ide.pdb" /ASSEMBLYDEBUG /SUBSYSTEM:WINDOWS /TLBID:1 /ENTRY:"main" /DYNAMICBASE /FIXED:NO /NXCOMPAT /MACHINE:X86 Debug\ide.res
         Debug\AboutUs.obj
         Debug\Main.obj
         Debug\Parametros.obj
         Debug\scanner.obj
         "Debug\.NETFramework,Version=v4.5.1.AssemblyAttributes.obj"
         ide.vcxproj -> C:\Users\Nelson\documents\visual studio 2013\Projects\ide\Debug\ide.exe
     1>Done Building Project "C:\Users\Nelson\documents\visual studio 2013\Projects\ide\ide\ide.vcxproj" (Build target(s)).

Build succeeded.

Time Elapsed 00:00:01.58
